<?xml version="1.0" encoding="UTF-8"?>
<!-- Generated by org.testng.reporters.JUnitReportReporter -->
<testsuite hostname="BhushanPathak" failures="0" tests="1" name="com.SauceDemo.TestClasses.TC002_VerifyLogoutFunctionality" time="7.819" errors="0" timestamp="2022-09-14T17:41:26 IST" skipped="0">
  <testcase classname="com.SauceDemo.TestClasses.TC002_VerifyLogoutFunctionality" name="logoutFunctionality" time="7.819"/>
  <system-out/>
</testsuite> <!-- com.SauceDemo.TestClasses.TC002_VerifyLogoutFunctionality -->
