<?xml version="1.0" encoding="UTF-8"?>
<!-- Generated by org.testng.reporters.JUnitReportReporter -->
<testsuite hostname="LAPTOP-VCDK91J5" failures="0" tests="1" name="com.SauceDemo.TestClasses.TC003_VerifyAddTocartForOneProduct" time="10.444" errors="0" timestamp="2022-08-08T18:32:31 IST" skipped="0">
  <testcase classname="com.SauceDemo.TestClasses.TC003_VerifyAddTocartForOneProduct" name="verifyAddTocartForOneProduct" time="10.444"/>
  <system-out/>
</testsuite> <!-- com.SauceDemo.TestClasses.TC003_VerifyAddTocartForOneProduct -->
