<?xml version="1.0" encoding="UTF-8"?>
<!-- Generated by org.testng.reporters.JUnitReportReporter -->
<testsuite hostname="BhushanPathak" failures="0" tests="1" name="com.SauceDemo.TestClasses.TC001_VerifyLoginFunctionality" time="4.517" errors="0" timestamp="2022-10-05T15:42:54 IST" skipped="0">
  <testcase classname="com.SauceDemo.TestClasses.TC001_VerifyLoginFunctionality" name="loginFunctionality" time="4.517"/>
  <system-out/>
</testsuite> <!-- com.SauceDemo.TestClasses.TC001_VerifyLoginFunctionality -->
