<?xml version="1.0" encoding="UTF-8"?>
<!-- Generated by org.testng.reporters.JUnitReportReporter -->
<testsuite hostname="BhushanPathak" failures="0" tests="1" name="com.SauceDemo.TestClasses.TC006_VerifyCheckOutOption" time="5.229" errors="0" timestamp="2022-10-05T16:31:41 IST" skipped="0">
  <testcase classname="com.SauceDemo.TestClasses.TC006_VerifyCheckOutOption" name="VerifyCheckoutButton" time="5.229"/>
  <system-out/>
</testsuite> <!-- com.SauceDemo.TestClasses.TC006_VerifyCheckOutOption -->
